EDA Netlist Writer report for piano
Tue Nov 25 20:53:17 2014
Quartus II 32-bit Version 12.0 Build 178 05/31/2012 SJ Web Edition


---------------------
; Table of Contents ;
---------------------
  1. Legal Notice
  2. EDA Netlist Writer Summary
  3. Simulation Settings
  4. Simulation Generated Files
  5. EDA Netlist Writer Messages



----------------
; Legal Notice ;
----------------
Copyright (C) 1991-2012 Altera Corporation
Your use of Altera Corporation's design tools, logic functions 
and other software and tools, and its AMPP partner logic 
functions, and any output files from any of the foregoing 
(including device programming or simulation files), and any 
associated documentation or information are expressly subject 
to the terms and conditions of the Altera Program License 
Subscription Agreement, Altera MegaCore Function License 
Agreement, or other applicable license agreement, including, 
without limitation, that your use is for the sole purpose of 
programming logic devices manufactured by Altera and sold by 
Altera or its authorized distributors.  Please refer to the 
applicable agreement for further details.



+-------------------------------------------------------------------+
; EDA Netlist Writer Summary                                        ;
+---------------------------+---------------------------------------+
; EDA Netlist Writer Status ; Successful - Tue Nov 25 20:53:17 2014 ;
; Revision Name             ; piano                                 ;
; Top-level Entity Name     ; piano                                 ;
; Family                    ; Cyclone III                           ;
; Simulation Files Creation ; Successful                            ;
+---------------------------+---------------------------------------+


+-------------------------------------------------------------------------------------------------------------------------------------+
; Simulation Settings                                                                                                                 ;
+---------------------------------------------------------------------------------------------------+---------------------------------+
; Option                                                                                            ; Setting                         ;
+---------------------------------------------------------------------------------------------------+---------------------------------+
; Tool Name                                                                                         ; ModelSim-Altera (SystemVerilog) ;
; Generate netlist for functional simulation only                                                   ; Off                             ;
; Time scale                                                                                        ; 1 ps                            ;
; Truncate long hierarchy paths                                                                     ; Off                             ;
; Map illegal HDL characters                                                                        ; Off                             ;
; Flatten buses into individual nodes                                                               ; Off                             ;
; Maintain hierarchy                                                                                ; Off                             ;
; Bring out device-wide set/reset signals as ports                                                  ; Off                             ;
; Enable glitch filtering                                                                           ; Off                             ;
; Do not write top level VHDL entity                                                                ; Off                             ;
; Disable detection of setup and hold time violations in the input registers of bi-directional pins ; Off                             ;
; Architecture name in VHDL output netlist                                                          ; structure                       ;
; Generate third-party EDA tool command script for RTL functional simulation                        ; Off                             ;
; Generate third-party EDA tool command script for gate-level simulation                            ; Off                             ;
+---------------------------------------------------------------------------------------------------+---------------------------------+


+-------------------------------------------------------------------------------------------------------------------------------------------------+
; Simulation Generated Files                                                                                                                      ;
+-------------------------------------------------------------------------------------------------------------------------------------------------+
; Generated Files                                                                                                                                 ;
+-------------------------------------------------------------------------------------------------------------------------------------------------+
; //charlie.ac.hmc.edu/HMC_2016/axue/Junior Year/Fall 2014/ENGR155/Final Project/Quartus Stuff/simulation/modelsim/piano_8_1200mv_85c_slow.svo    ;
; //charlie.ac.hmc.edu/HMC_2016/axue/Junior Year/Fall 2014/ENGR155/Final Project/Quartus Stuff/simulation/modelsim/piano_8_1200mv_0c_slow.svo     ;
; //charlie.ac.hmc.edu/HMC_2016/axue/Junior Year/Fall 2014/ENGR155/Final Project/Quartus Stuff/simulation/modelsim/piano_min_1200mv_0c_fast.svo   ;
; //charlie.ac.hmc.edu/HMC_2016/axue/Junior Year/Fall 2014/ENGR155/Final Project/Quartus Stuff/simulation/modelsim/piano.svo                      ;
; //charlie.ac.hmc.edu/HMC_2016/axue/Junior Year/Fall 2014/ENGR155/Final Project/Quartus Stuff/simulation/modelsim/piano_8_1200mv_85c_v_slow.sdo  ;
; //charlie.ac.hmc.edu/HMC_2016/axue/Junior Year/Fall 2014/ENGR155/Final Project/Quartus Stuff/simulation/modelsim/piano_8_1200mv_0c_v_slow.sdo   ;
; //charlie.ac.hmc.edu/HMC_2016/axue/Junior Year/Fall 2014/ENGR155/Final Project/Quartus Stuff/simulation/modelsim/piano_min_1200mv_0c_v_fast.sdo ;
; //charlie.ac.hmc.edu/HMC_2016/axue/Junior Year/Fall 2014/ENGR155/Final Project/Quartus Stuff/simulation/modelsim/piano_v.sdo                    ;
+-------------------------------------------------------------------------------------------------------------------------------------------------+


+-----------------------------+
; EDA Netlist Writer Messages ;
+-----------------------------+
Info: *******************************************************************
Info: Running Quartus II 32-bit EDA Netlist Writer
    Info: Version 12.0 Build 178 05/31/2012 SJ Web Edition
    Info: Processing started: Tue Nov 25 20:53:16 2014
Info: Command: quartus_eda --read_settings_files=off --write_settings_files=off piano -c piano
Info (204019): Generated file piano_8_1200mv_85c_slow.svo in folder "//charlie.ac.hmc.edu/HMC_2016/axue/Junior Year/Fall 2014/ENGR155/Final Project/Quartus Stuff/simulation/modelsim/" for EDA simulation tool
Info (204019): Generated file piano_8_1200mv_0c_slow.svo in folder "//charlie.ac.hmc.edu/HMC_2016/axue/Junior Year/Fall 2014/ENGR155/Final Project/Quartus Stuff/simulation/modelsim/" for EDA simulation tool
Info (204019): Generated file piano_min_1200mv_0c_fast.svo in folder "//charlie.ac.hmc.edu/HMC_2016/axue/Junior Year/Fall 2014/ENGR155/Final Project/Quartus Stuff/simulation/modelsim/" for EDA simulation tool
Info (204019): Generated file piano.svo in folder "//charlie.ac.hmc.edu/HMC_2016/axue/Junior Year/Fall 2014/ENGR155/Final Project/Quartus Stuff/simulation/modelsim/" for EDA simulation tool
Info (204019): Generated file piano_8_1200mv_85c_v_slow.sdo in folder "//charlie.ac.hmc.edu/HMC_2016/axue/Junior Year/Fall 2014/ENGR155/Final Project/Quartus Stuff/simulation/modelsim/" for EDA simulation tool
Info (204019): Generated file piano_8_1200mv_0c_v_slow.sdo in folder "//charlie.ac.hmc.edu/HMC_2016/axue/Junior Year/Fall 2014/ENGR155/Final Project/Quartus Stuff/simulation/modelsim/" for EDA simulation tool
Info (204019): Generated file piano_min_1200mv_0c_v_fast.sdo in folder "//charlie.ac.hmc.edu/HMC_2016/axue/Junior Year/Fall 2014/ENGR155/Final Project/Quartus Stuff/simulation/modelsim/" for EDA simulation tool
Info (204019): Generated file piano_v.sdo in folder "//charlie.ac.hmc.edu/HMC_2016/axue/Junior Year/Fall 2014/ENGR155/Final Project/Quartus Stuff/simulation/modelsim/" for EDA simulation tool
Info: Quartus II 32-bit EDA Netlist Writer was successful. 0 errors, 0 warnings
    Info: Peak virtual memory: 307 megabytes
    Info: Processing ended: Tue Nov 25 20:53:17 2014
    Info: Elapsed time: 00:00:01
    Info: Total CPU time (on all processors): 00:00:01


